<?xml version="1.0" encoding="UTF-8"?>
<!-- Generated by org.testng.reporters.JUnitReportReporter -->
<testsuite name="test.GetStateDetailsAPITest" tests="1" time="5.843" ignored="0" failures="0" timestamp="11 Jun 2018 19:25:21 GMT" skipped="0" hostname="DELL-PC" errors="0">
  <testcase name="getstatedetailsAPITest" time="5.843" classname="test.GetStateDetailsAPITest"/>
</testsuite> <!-- test.GetStateDetailsAPITest -->
